/videos/2c4156a5-5ff9-ab7f-3663-940c782bd084/live.m3u8

{"Protocol":1,"Id":"7d5e7db3b541b648e78ffadcf852899f","Path":"http://172.26.0.2:8096/LiveTv/LiveStreamFiles/3dec39bc60814c5898788d3755d58fb7/stream.ts","EncoderPath":null,"EncoderProtocol":null,"Type":0,"Container":"mpegts","Size":null,"Name":null,"IsRemote":true,"ETag":null,"RunTimeTicks":null,"ReadAtNativeFramerate":false,"IgnoreDts":true,"IgnoreIndex":false,"GenPtsInput":false,"SupportsTranscoding":true,"SupportsDirectStream":true,"SupportsDirectPlay":true,"IsInfiniteStream":true,"RequiresOpening":true,"OpenToken":null,"RequiresClosing":true,"LiveStreamId":"a17c75760a04e99b68cf766e11316e1c_09efa0d56b934a82adec00a87b837fb0_7d5e7db3b541b648e78ffadcf852899f","BufferMs":null,"RequiresLooping":false,"SupportsProbing":true,"VideoType":null,"IsoType":null,"Video3DFormat":null,"MediaStreams":[{"Codec":"h264","CodecTag":null,"Language":null,"ColorRange":"tv","ColorSpace":"bt709","ColorTransfer":"bt709","ColorPrimaries":"bt709","DvVersionMajor":null,"DvVersionMinor":null,"DvProfile":null,"DvLevel":null,"RpuPresentFlag":null,"ElPresentFlag":null,"BlPresentFlag":null,"DvBlSignalCompatibilityId":null,"Comment":null,"TimeBase":"1/90000","CodecTimeBase":null,"Title":null,"VideoRange":"SDR","VideoRangeType":"SDR","VideoDoViTitle":null,"LocalizedUndefined":null,"LocalizedDefault":null,"LocalizedForced":null,"LocalizedExternal":null,"DisplayTitle":"1080p H264 SDR","NalLengthSize":"0","IsInterlaced":false,"IsAVC":null,"ChannelLayout":null,"BitRate":20000000,"BitDepth":8,"RefFrames":1,"PacketLength":null,"Channels":null,"SampleRate":null,"IsDefault":false,"IsForced":false,"Height":1080,"Width":1920,"AverageFrameRate":29.97003,"RealFrameRate":29.97003,"Profile":"Main","Type":1,"AspectRatio":"16:9","Index":-1,"Score":null,"IsExternal":false,"DeliveryMethod":null,"DeliveryUrl":null,"IsExternalUrl":null,"IsTextSubtitleStream":false,"SupportsExternalStream":false,"Path":null,"PixelFormat":"yuv420p","Level":40,"IsAnamorphic":false},{"Codec":"aac","CodecTag":null,"Language":null,"ColorRange":null,"ColorSpace":null,"ColorTransfer":null,"ColorPrimaries":null,"DvVersionMajor":null,"DvVersionMinor":null,"DvProfile":null,"DvLevel":null,"RpuPresentFlag":null,"ElPresentFlag":null,"BlPresentFlag":null,"DvBlSignalCompatibilityId":null,"Comment":null,"TimeBase":"1/90000","CodecTimeBase":null,"Title":null,"VideoRange":null,"VideoRangeType":null,"VideoDoViTitle":null,"LocalizedUndefined":null,"LocalizedDefault":null,"LocalizedForced":null,"LocalizedExternal":null,"DisplayTitle":"AAC - Stereo","NalLengthSize":null,"IsInterlaced":false,"IsAVC":null,"ChannelLayout":"stereo","BitRate":129801,"BitDepth":null,"RefFrames":null,"PacketLength":null,"Channels":2,"SampleRate":44100,"IsDefault":false,"IsForced":false,"Height":null,"Width":null,"AverageFrameRate":null,"RealFrameRate":null,"Profile":"LC","Type":0,"AspectRatio":null,"Index":-1,"Score":null,"IsExternal":false,"DeliveryMethod":null,"DeliveryUrl":null,"IsExternalUrl":null,"IsTextSubtitleStream":false,"SupportsExternalStream":false,"Path":null,"PixelFormat":null,"Level":0,"IsAnamorphic":null}],"MediaAttachments":[],"Formats":[],"Bitrate":20129801,"Timestamp":null,"RequiredHttpHeaders":{"User-Agent":"Mozilla/5.0 (Windows NT 10.0; Win64; x64) AppleWebKit/537.36 (KHTML, like Gecko) Chrome/64.0.3282.85 Safari/537.36"},"TranscodingUrl":null,"TranscodingSubProtocol":null,"TranscodingContainer":null,"AnalyzeDurationMs":3000,"DefaultAudioStreamIndex":null,"DefaultSubtitleStreamIndex":null}

/usr/lib/jellyfin-ffmpeg/ffmpeg -analyzeduration 3000000 -user_agent "Mozilla/5.0 (Windows NT 10.0; Win64; x64) AppleWebKit/537.36 (KHTML, like Gecko) Chrome/64.0.3282.85 Safari/537.36" -fflags +igndts+genpts -f mpegts  -i "http://172.26.0.2:8096/LiveTv/LiveStreamFiles/3dec39bc60814c5898788d3755d58fb7/stream.ts" -map_metadata -1 -map_chapters -1 -threads 0 -sn -codec:v:0 copy -start_at_zero -flags -global_header -codec:a:0 copy -copyts -avoid_negative_ts disabled -max_muxing_queue_size 2048 -f hls -max_delay 5000000 -hls_time 3 -hls_segment_type mpegts -start_number 0 -hls_base_url "hls/6ce0dc8f773831d962f773c97eaeab3d/" -hls_segment_filename "/config/data/transcodes/6ce0dc8f773831d962f773c97eaeab3d%d.ts" -hls_playlist_type event -hls_list_size 0 -y "/config/data/transcodes/6ce0dc8f773831d962f773c97eaeab3d.m3u8"


ffmpeg version 5.1.3-Jellyfin Copyright (c) 2000-2022 the FFmpeg developers
  built with gcc 11 (Ubuntu 11.3.0-1ubuntu1~22.04.1)
  configuration: --prefix=/usr/lib/jellyfin-ffmpeg --target-os=linux --extra-libs=-lfftw3f --extra-version=Jellyfin --disable-doc --disable-ffplay --disable-ptx-compression --disable-static --disable-libxcb --disable-sdl2 --disable-xlib --enable-lto --enable-gpl --enable-version3 --enable-shared --enable-gmp --enable-gnutls --enable-chromaprint --enable-libdrm --enable-libass --enable-libfreetype --enable-libfribidi --enable-libfontconfig --enable-libbluray --enable-libmp3lame --enable-libopus --enable-libtheora --enable-libvorbis --enable-libopenmpt --enable-libdav1d --enable-libwebp --enable-libvpx --enable-libx264 --enable-libx265 --enable-libzvbi --enable-libzimg --enable-libfdk-aac --arch=amd64 --enable-libsvtav1 --enable-libshaderc --enable-libplacebo --enable-vulkan --enable-opencl --enable-vaapi --enable-amf --enable-libmfx --enable-ffnvcodec --enable-cuda --enable-cuda-llvm --enable-cuvid --enable-nvdec --enable-nvenc
  libavutil      57. 28.100 / 57. 28.100
  libavcodec     59. 37.100 / 59. 37.100
  libavformat    59. 27.100 / 59. 27.100
  libavdevice    59.  7.100 / 59.  7.100
  libavfilter     8. 44.100 /  8. 44.100
  libswscale      6.  7.100 /  6.  7.100
  libswresample   4.  7.100 /  4.  7.100
  libpostproc    56.  6.100 / 56.  6.100
Input #0, mpegts, from 'http://172.26.0.2:8096/LiveTv/LiveStreamFiles/3dec39bc60814c5898788d3755d58fb7/stream.ts':
  Duration: N/A, start: 15534.726522, bitrate: N/A
  Program 1 
    Metadata:
      service_name    : Service01
      service_provider: FFmpeg
  Stream #0:0[0x100]: Video: h264 (Main) ([27][0][0][0] / 0x001B), yuv420p(tv, bt709, progressive), 1920x1080 [SAR 1:1 DAR 16:9], 29.97 fps, 29.97 tbr, 90k tbn
  Stream #0:1[0x101](por): Audio: aac (LC) ([15][0][0][0] / 0x000F), 44100 Hz, stereo, fltp, 130 kb/s
Output #0, hls, to '/config/data/transcodes/6ce0dc8f773831d962f773c97eaeab3d.m3u8':
  Metadata:
    encoder         : Lavf59.27.100
  Stream #0:0: Video: h264 (Main) ([27][0][0][0] / 0x001B), yuv420p(tv, bt709, progressive), 1920x1080 [SAR 1:1 DAR 16:9], q=2-31, 29.97 fps, 29.97 tbr, 90k tbn
  Stream #0:1: Audio: aac (LC) ([15][0][0][0] / 0x000F), 44100 Hz, stereo, fltp, 130 kb/s
Stream mapping:
  Stream #0:0 -> #0:0 (copy)
  Stream #0:1 -> #0:1 (copy)
Press [q] to stop, [?] for help
frame=    1 fps=0.0 q=-1.0 size=N/A time=-00:00:00.04 bitrate=N/A speed=N/A    
[hls @ 0x55ce945b8f00] Opening '/config/data/transcodes/6ce0dc8f773831d962f773c97eaeab3d0.ts' for writing
[hls @ 0x55ce945b8f00] Opening '/config/data/transcodes/6ce0dc8f773831d962f773c97eaeab3d.m3u8.tmp' for writing
frame=  114 fps= 39 q=-1.0 size=N/A time=00:00:03.72 bitrate=N/A speed=1.27x    
frame=  124 fps= 36 q=-1.0 size=N/A time=00:00:04.05 bitrate=N/A speed=1.17x    
frame=  182 fps= 46 q=-1.0 size=N/A time=00:00:05.99 bitrate=N/A speed=1.51x    
frame=  198 fps= 40 q=-1.0 size=N/A time=00:00:06.64 bitrate=N/A speed=1.35x    
[hls @ 0x55ce945b8f00] Opening '/config/data/transcodes/6ce0dc8f773831d962f773c97eaeab3d1.ts' for writing
[hls @ 0x55ce945b8f00] Opening '/config/data/transcodes/6ce0dc8f773831d962f773c97eaeab3d.m3u8.tmp' for writing
frame=  224 fps= 38 q=-1.0 size=N/A time=00:00:07.39 bitrate=N/A speed=1.25x    
frame=  247 fps= 35 q=-1.0 size=N/A time=00:00:08.19 bitrate=N/A speed=1.18x    
frame=  272 fps= 34 q=-1.0 size=N/A time=00:00:08.99 bitrate=N/A speed=1.13x    
frame=  301 fps= 34 q=-1.0 size=N/A time=00:00:10.00 bitrate=N/A speed=1.12x    
[hls @ 0x55ce945b8f00] Opening '/config/data/transcodes/6ce0dc8f773831d962f773c97eaeab3d2.ts' for writing
[hls @ 0x55ce945b8f00] Opening '/config/data/transcodes/6ce0dc8f773831d962f773c97eaeab3d.m3u8.tmp' for writing
frame=  373 fps= 34 q=-1.0 size=N/A time=00:00:12.37 bitrate=N/A speed=1.13x    
frame=  401 fps= 34 q=-1.0 size=N/A time=00:00:13.30 bitrate=N/A speed=1.11x    
[hls @ 0x55ce945b8f00] Opening '/config/data/transcodes/6ce0dc8f773831d962f773c97eaeab3d3.ts' for writing
[hls @ 0x55ce945b8f00] Opening '/config/data/transcodes/6ce0dc8f773831d962f773c97eaeab3d.m3u8.tmp' for writing
frame=  431 fps= 35 q=-1.0 size=N/A time=00:00:14.30 bitrate=N/A speed=1.15x    
[hls @ 0x55ce945b8f00] Opening '/config/data/transcodes/6ce0dc8f773831d962f773c97eaeab3d4.ts' for writing
[hls @ 0x55ce945b8f00] Opening '/config/data/transcodes/6ce0dc8f773831d962f773c97eaeab3d.m3u8.tmp' for writing
frame=  463 fps= 35 q=-1.0 size=N/A time=00:00:15.44 bitrate=N/A speed=1.18x    