/videos/6c379092-c520-4c32-f4b1-27f24d01ca75/live.m3u8

{"Protocol":1,"Id":"ff41ed6d243cefd90da3b08c418a03e6","Path":"http://172.26.0.2:8096/LiveTv/LiveStreamFiles/026c9006cfed49b18c3dab92aace1db7/stream.ts","EncoderPath":null,"EncoderProtocol":null,"Type":0,"Container":"mpegts","Size":null,"Name":null,"IsRemote":true,"ETag":null,"RunTimeTicks":null,"ReadAtNativeFramerate":false,"IgnoreDts":true,"IgnoreIndex":false,"GenPtsInput":false,"SupportsTranscoding":true,"SupportsDirectStream":true,"SupportsDirectPlay":true,"IsInfiniteStream":true,"RequiresOpening":true,"OpenToken":null,"RequiresClosing":true,"LiveStreamId":"a17c75760a04e99b68cf766e11316e1c_09efa0d56b934a82adec00a87b837fb0_ff41ed6d243cefd90da3b08c418a03e6","BufferMs":null,"RequiresLooping":false,"SupportsProbing":true,"VideoType":null,"IsoType":null,"Video3DFormat":null,"MediaStreams":[{"Codec":"h264","CodecTag":null,"Language":null,"ColorRange":"tv","ColorSpace":"bt709","ColorTransfer":"bt709","ColorPrimaries":"bt709","DvVersionMajor":null,"DvVersionMinor":null,"DvProfile":null,"DvLevel":null,"RpuPresentFlag":null,"ElPresentFlag":null,"BlPresentFlag":null,"DvBlSignalCompatibilityId":null,"Comment":null,"TimeBase":"1/90000","CodecTimeBase":null,"Title":null,"VideoRange":"SDR","VideoRangeType":"SDR","VideoDoViTitle":null,"LocalizedUndefined":null,"LocalizedDefault":null,"LocalizedForced":null,"LocalizedExternal":null,"DisplayTitle":"1080p H264 SDR","NalLengthSize":"0","IsInterlaced":false,"IsAVC":null,"ChannelLayout":null,"BitRate":20000000,"BitDepth":8,"RefFrames":1,"PacketLength":null,"Channels":null,"SampleRate":null,"IsDefault":false,"IsForced":false,"Height":1080,"Width":1920,"AverageFrameRate":29.97003,"RealFrameRate":29.97003,"Profile":"Main","Type":1,"AspectRatio":"16:9","Index":-1,"Score":null,"IsExternal":false,"DeliveryMethod":null,"DeliveryUrl":null,"IsExternalUrl":null,"IsTextSubtitleStream":false,"SupportsExternalStream":false,"Path":null,"PixelFormat":"yuv420p","Level":40,"IsAnamorphic":false},{"Codec":"aac","CodecTag":null,"Language":null,"ColorRange":null,"ColorSpace":null,"ColorTransfer":null,"ColorPrimaries":null,"DvVersionMajor":null,"DvVersionMinor":null,"DvProfile":null,"DvLevel":null,"RpuPresentFlag":null,"ElPresentFlag":null,"BlPresentFlag":null,"DvBlSignalCompatibilityId":null,"Comment":null,"TimeBase":"1/90000","CodecTimeBase":null,"Title":null,"VideoRange":null,"VideoRangeType":null,"VideoDoViTitle":null,"LocalizedUndefined":null,"LocalizedDefault":null,"LocalizedForced":null,"LocalizedExternal":null,"DisplayTitle":"AAC - Stereo","NalLengthSize":null,"IsInterlaced":false,"IsAVC":null,"ChannelLayout":"stereo","BitRate":130961,"BitDepth":null,"RefFrames":null,"PacketLength":null,"Channels":2,"SampleRate":44100,"IsDefault":false,"IsForced":false,"Height":null,"Width":null,"AverageFrameRate":null,"RealFrameRate":null,"Profile":"LC","Type":0,"AspectRatio":null,"Index":-1,"Score":null,"IsExternal":false,"DeliveryMethod":null,"DeliveryUrl":null,"IsExternalUrl":null,"IsTextSubtitleStream":false,"SupportsExternalStream":false,"Path":null,"PixelFormat":null,"Level":0,"IsAnamorphic":null}],"MediaAttachments":[],"Formats":[],"Bitrate":20130961,"Timestamp":null,"RequiredHttpHeaders":{"User-Agent":"Mozilla/5.0 (Windows NT 10.0; Win64; x64) AppleWebKit/537.36 (KHTML, like Gecko) Chrome/64.0.3282.85 Safari/537.36"},"TranscodingUrl":null,"TranscodingSubProtocol":null,"TranscodingContainer":null,"AnalyzeDurationMs":3000,"DefaultAudioStreamIndex":null,"DefaultSubtitleStreamIndex":null}

/usr/lib/jellyfin-ffmpeg/ffmpeg -analyzeduration 3000000 -user_agent "Mozilla/5.0 (Windows NT 10.0; Win64; x64) AppleWebKit/537.36 (KHTML, like Gecko) Chrome/64.0.3282.85 Safari/537.36" -fflags +igndts+genpts -f mpegts  -i "http://172.26.0.2:8096/LiveTv/LiveStreamFiles/026c9006cfed49b18c3dab92aace1db7/stream.ts" -map_metadata -1 -map_chapters -1 -threads 0 -sn -codec:v:0 copy -start_at_zero -flags -global_header -codec:a:0 copy -copyts -avoid_negative_ts disabled -max_muxing_queue_size 2048 -f hls -max_delay 5000000 -hls_time 3 -hls_segment_type mpegts -start_number 0 -hls_base_url "hls/9d27ddccf764e7c878d31494d22ae552/" -hls_segment_filename "/config/data/transcodes/9d27ddccf764e7c878d31494d22ae552%d.ts" -hls_playlist_type event -hls_list_size 0 -y "/config/data/transcodes/9d27ddccf764e7c878d31494d22ae552.m3u8"


ffmpeg version 5.1.3-Jellyfin Copyright (c) 2000-2022 the FFmpeg developers
  built with gcc 11 (Ubuntu 11.3.0-1ubuntu1~22.04.1)
  configuration: --prefix=/usr/lib/jellyfin-ffmpeg --target-os=linux --extra-libs=-lfftw3f --extra-version=Jellyfin --disable-doc --disable-ffplay --disable-ptx-compression --disable-static --disable-libxcb --disable-sdl2 --disable-xlib --enable-lto --enable-gpl --enable-version3 --enable-shared --enable-gmp --enable-gnutls --enable-chromaprint --enable-libdrm --enable-libass --enable-libfreetype --enable-libfribidi --enable-libfontconfig --enable-libbluray --enable-libmp3lame --enable-libopus --enable-libtheora --enable-libvorbis --enable-libopenmpt --enable-libdav1d --enable-libwebp --enable-libvpx --enable-libx264 --enable-libx265 --enable-libzvbi --enable-libzimg --enable-libfdk-aac --arch=amd64 --enable-libsvtav1 --enable-libshaderc --enable-libplacebo --enable-vulkan --enable-opencl --enable-vaapi --enable-amf --enable-libmfx --enable-ffnvcodec --enable-cuda --enable-cuda-llvm --enable-cuvid --enable-nvdec --enable-nvenc
  libavutil      57. 28.100 / 57. 28.100
  libavcodec     59. 37.100 / 59. 37.100
  libavformat    59. 27.100 / 59. 27.100
  libavdevice    59.  7.100 / 59.  7.100
  libavfilter     8. 44.100 /  8. 44.100
  libswscale      6.  7.100 /  6.  7.100
  libswresample   4.  7.100 /  4.  7.100
  libpostproc    56.  6.100 / 56.  6.100
Input #0, mpegts, from 'http://172.26.0.2:8096/LiveTv/LiveStreamFiles/026c9006cfed49b18c3dab92aace1db7/stream.ts':
  Duration: N/A, start: 10091.593767, bitrate: N/A
  Program 1 
    Metadata:
      service_name    : Service01
      service_provider: FFmpeg
  Stream #0:0[0x100]: Video: h264 (Main) ([27][0][0][0] / 0x001B), yuv420p(tv, bt709, progressive), 1920x1080 [SAR 1:1 DAR 16:9], 29.97 fps, 29.97 tbr, 90k tbn
  Stream #0:1[0x101](por): Audio: aac (LC) ([15][0][0][0] / 0x000F), 44100 Hz, stereo, fltp, 130 kb/s
Output #0, hls, to '/config/data/transcodes/9d27ddccf764e7c878d31494d22ae552.m3u8':
  Metadata:
    encoder         : Lavf59.27.100
  Stream #0:0: Video: h264 (Main) ([27][0][0][0] / 0x001B), yuv420p(tv, bt709, progressive), 1920x1080 [SAR 1:1 DAR 16:9], q=2-31, 29.97 fps, 29.97 tbr, 90k tbn
  Stream #0:1: Audio: aac (LC) ([15][0][0][0] / 0x000F), 44100 Hz, stereo, fltp, 130 kb/s
Stream mapping:
  Stream #0:0 -> #0:0 (copy)
  Stream #0:1 -> #0:1 (copy)
Press [q] to stop, [?] for help
frame=    1 fps=0.0 q=-1.0 size=N/A time=00:00:00.00 bitrate=N/A speed=N/A    
[hls @ 0x559886fb4d40] Opening '/config/data/transcodes/9d27ddccf764e7c878d31494d22ae5520.ts' for writing
[hls @ 0x559886fb4d40] Opening '/config/data/transcodes/9d27ddccf764e7c878d31494d22ae552.m3u8.tmp' for writing
frame=  104 fps=102 q=-1.0 size=N/A time=-00:00:00.04 bitrate=N/A speed=N/A    
[hls @ 0x559886fb4d40] Opening '/config/data/transcodes/9d27ddccf764e7c878d31494d22ae5521.ts' for writing
[hls @ 0x559886fb4d40] Opening '/config/data/transcodes/9d27ddccf764e7c878d31494d22ae552.m3u8.tmp' for writing
[hls @ 0x559886fb4d40] Opening '/config/data/transcodes/9d27ddccf764e7c878d31494d22ae5522.ts' for writing
[hls @ 0x559886fb4d40] Opening '/config/data/transcodes/9d27ddccf764e7c878d31494d22ae552.m3u8.tmp' for writing
frame=  303 fps=189 q=-1.0 size=N/A time=00:00:06.62 bitrate=N/A speed=4.14x    
[hls @ 0x559886fb4d40] Opening '/config/data/transcodes/9d27ddccf764e7c878d31494d22ae5523.ts' for writing
[hls @ 0x559886fb4d40] Opening '/config/data/transcodes/9d27ddccf764e7c878d31494d22ae552.m3u8.tmp' for writing
[hls @ 0x559886fb4d40] Opening '/config/data/transcodes/9d27ddccf764e7c878d31494d22ae5524.ts' for writing
[hls @ 0x559886fb4d40] Opening '/config/data/transcodes/9d27ddccf764e7c878d31494d22ae552.m3u8.tmp' for writing
[hls @ 0x559886fb4d40] Opening '/config/data/transcodes/9d27ddccf764e7c878d31494d22ae5525.ts' for writing
[hls @ 0x559886fb4d40] Opening '/config/data/transcodes/9d27ddccf764e7c878d31494d22ae552.m3u8.tmp' for writing
[hls @ 0x559886fb4d40] Opening '/config/data/transcodes/9d27ddccf764e7c878d31494d22ae5526.ts' for writing
[hls @ 0x559886fb4d40] Opening '/config/data/transcodes/9d27ddccf764e7c878d31494d22ae552.m3u8.tmp' for writing
frame=  653 fps=283 q=-1.0 size=N/A time=00:00:18.30 bitrate=N/A speed=7.93x    
[hls @ 0x559886fb4d40] Opening '/config/data/transcodes/9d27ddccf764e7c878d31494d22ae5527.ts' for writing
[hls @ 0x559886fb4d40] Opening '/config/data/transcodes/9d27ddccf764e7c878d31494d22ae552.m3u8.tmp' for writing
[hls @ 0x559886fb4d40] Opening '/config/data/transcodes/9d27ddccf764e7c878d31494d22ae5528.ts' for writing
[hls @ 0x559886fb4d40] Opening '/config/data/transcodes/9d27ddccf764e7c878d31494d22ae552.m3u8.tmp' for writing
frame=  852 fps=287 q=-1.0 size=N/A time=00:00:24.99 bitrate=N/A speed=8.41x    
[hls @ 0x559886fb4d40] Opening '/config/data/transcodes/9d27ddccf764e7c878d31494d22ae5529.ts' for writing
[hls @ 0x559886fb4d40] Opening '/config/data/transcodes/9d27ddccf764e7c878d31494d22ae552.m3u8.tmp' for writing
[hls @ 0x559886fb4d40] Opening '/config/data/transcodes/9d27ddccf764e7c878d31494d22ae55210.ts' for writing
[hls @ 0x559886fb4d40] Opening '/config/data/transcodes/9d27ddccf764e7c878d31494d22ae552.m3u8.tmp' for writing
[hls @ 0x559886fb4d40] Opening '/config/data/transcodes/9d27ddccf764e7c878d31494d22ae55211.ts' for writing
[hls @ 0x559886fb4d40] Opening '/config/data/transcodes/9d27ddccf764e7c878d31494d22ae552.m3u8.tmp' for writing
[hls @ 0x559886fb4d40] Opening '/config/data/transcodes/9d27ddccf764e7c878d31494d22ae55212.ts' for writing
[hls @ 0x559886fb4d40] Opening '/config/data/transcodes/9d27ddccf764e7c878d31494d22ae552.m3u8.tmp' for writing
frame= 1204 fps=339 q=-1.0 size=N/A time=00:00:36.67 bitrate=N/A speed=10.3x    
frame= 1214 fps=279 q=-1.0 size=N/A time=00:00:36.94 bitrate=N/A speed= 8.5x    
frame= 1218 fps=238 q=-1.0 size=N/A time=00:00:37.11 bitrate=N/A speed=7.24x    
frame= 1243 fps=220 q=-1.0 size=N/A time=00:00:37.97 bitrate=N/A speed=6.72x    
frame= 1303 fps=192 q=-1.0 size=N/A time=00:00:39.94 bitrate=N/A speed= 5.9x    
[hls @ 0x559886fb4d40] Opening '/config/data/transcodes/9d27ddccf764e7c878d31494d22ae55213.ts' for writing
[hls @ 0x559886fb4d40] Opening '/config/data/transcodes/9d27ddccf764e7c878d31494d22ae552.m3u8.tmp' for writing
frame= 1346 fps=175 q=-1.0 size=N/A time=00:00:41.43 bitrate=N/A speed=5.39x    
[hls @ 0x559886fb4d40] Opening '/config/data/transcodes/9d27ddccf764e7c878d31494d22ae55214.ts' for writing
[hls @ 0x559886fb4d40] Opening '/config/data/transcodes/9d27ddccf764e7c878d31494d22ae552.m3u8.tmp' for writing
frame= 1397 fps=159 q=-1.0 size=N/A time=00:00:43.10 bitrate=N/A speed=4.91x    
frame= 1415 fps=146 q=-1.0 size=N/A time=00:00:43.70 bitrate=N/A speed=4.51x    
frame= 1442 fps=134 q=-1.0 size=N/A time=00:00:44.58 bitrate=N/A speed=4.14x    
[hls @ 0x559886fb4d40] Opening '/config/data/transcodes/9d27ddccf764e7c878d31494d22ae55215.ts' for writing
[hls @ 0x559886fb4d40] Opening '/config/data/transcodes/9d27ddccf764e7c878d31494d22ae552.m3u8.tmp' for writing


[q] command received. Exiting.

[hls @ 0x559886fb4d40] Opening '/config/data/transcodes/9d27ddccf764e7c878d31494d22ae55216.ts' for writing
[hls @ 0x559886fb4d40] Opening '/config/data/transcodes/9d27ddccf764e7c878d31494d22ae552.m3u8.tmp' for writing
frame= 1481 fps=122 q=-1.0 Lsize=N/A time=00:00:45.88 bitrate=N/A speed=3.78x    
video:13831kB audio:787kB subtitle:0kB other streams:0kB global headers:0kB muxing overhead: unknown